Using pre-set license
Built from '2020.3/release' branch; Version is '2020.3.12f1 (b3b2c6512326) revision 11776710'; Using compiler version '192528614'; Build Type 'Release'
OS: 'Windows 10 Home; OS build 19044.1586; Version 2009; 64bit' Language: 'en' Physical Memory: 15720 MB
BatchMode: 1, IsHumanControllingUs: 0, StartBugReporterOnCrash: 0, Is64bit: 1, IsPro: 0

 COMMAND LINE ARGUMENTS:
C:\Program Files\Unity\Hub\Editor\2020.3.12f1\Editor\Unity.exe
-adb2
-batchMode
-noUpm
-name
AssetImportWorker0
-projectPath
C:/Users/peter/OneDrive/Desktop/GroupProject-Shade1
-logFile
Logs/AssetImportWorker0.log
-srvPort
49186
Successfully changed project path to: C:/Users/peter/OneDrive/Desktop/GroupProject-Shade1
C:/Users/peter/OneDrive/Desktop/GroupProject-Shade1
Using Asset Import Pipeline V2.
Refreshing native plugins compatible for Editor in 26.61 ms, found 2 plugins.
Preloading 0 native plugins for Editor in 0.00 ms.
Initialize engine version: 2020.3.12f1 (b3b2c6512326)
[Subsystems] Discovering subsystems at path C:/Program Files/Unity/Hub/Editor/2020.3.12f1/Editor/Data/Resources/UnitySubsystems
[Subsystems] Discovering subsystems at path C:/Users/peter/OneDrive/Desktop/GroupProject-Shade1/Assets
GfxDevice: creating device client; threaded=0
Direct3D:
    Version:  Direct3D 11.0 [level 11.1]
    Renderer: NVIDIA GeForce RTX 3060 Laptop GPU (ID=0x2560)
    Vendor:   
    VRAM:     6023 MB
    Driver:   27.21.14.6685
Initialize mono
Mono path[0] = 'C:/Program Files/Unity/Hub/Editor/2020.3.12f1/Editor/Data/Managed'
Mono path[1] = 'C:/Program Files/Unity/Hub/Editor/2020.3.12f1/Editor/Data/MonoBleedingEdge/lib/mono/unityjit'
Mono config path = 'C:/Program Files/Unity/Hub/Editor/2020.3.12f1/Editor/Data/MonoBleedingEdge/etc'
Using monoOptions --debugger-agent=transport=dt_socket,embedding=1,server=y,suspend=n,address=127.0.0.1:56612
Begin MonoManager ReloadAssembly
Registering precompiled unity dll's ...
Register platform support module: C:/Program Files/Unity/Hub/Editor/2020.3.12f1/Editor/Data/PlaybackEngines/WindowsStandaloneSupport/UnityEditor.WindowsStandalone.Extensions.dll
Registered in 0.001677 seconds.
Native extension for WindowsStandalone target not found
Refreshing native plugins compatible for Editor in 24.20 ms, found 2 plugins.
Preloading 0 native plugins for Editor in 0.00 ms.
Mono: successfully reloaded assembly
- Completed reload, in  0.840 seconds
Platform modules already initialized, skipping
Registering precompiled user dll's ...
Registered in 0.003342 seconds.
Begin MonoManager ReloadAssembly
Native extension for WindowsStandalone target not found
Refreshing native plugins compatible for Editor in 0.32 ms, found 2 plugins.
Preloading 0 native plugins for Editor in 0.00 ms.
Mono: successfully reloaded assembly
- Completed reload, in  0.763 seconds
Platform modules already initialized, skipping
========================================================================
Worker process is ready to serve import requests
Launched and connected shader compiler UnityShaderCompiler.exe after 0.04 seconds
Refreshing native plugins compatible for Editor in 0.40 ms, found 2 plugins.
Preloading 0 native plugins for Editor in 0.00 ms.
Unloading 1405 Unused Serialized files (Serialized files now loaded: 0)
System memory in use before: 77.3 MB.
System memory in use after: 77.3 MB.

Unloading 18 unused Assets to reduce memory usage. Loaded Objects now: 1853.
Total: 2.052200 ms (FindLiveObjects: 0.147700 ms CreateObjectMapping: 0.044900 ms MarkObjects: 1.785800 ms  DeleteObjects: 0.072700 ms)

AssetImportParameters requested are different than current active one (requested -> active):
  custom:framework-win-MediaFoundation: 216162199b28c13a410421893ffa2e32 -> 
  custom:video-decoder-ogg-theora: a1e56fd34408186e4bbccfd4996cb3dc -> 
  custom:container-muxer-webm: aa71ff27fc2769a1b78a27578f13a17b -> 
  custom:container-demuxer-webm: 4f35f7cbe854078d1ac9338744f61a02 -> 
  custom:container-demuxer-ogg: 62fdf1f143b41e24485cea50d1cbac27 -> 
  custom:video-encoder-webm-vp8: eb34c28f22e8b96e1ab97ce403110664 -> 
  custom:video-codec-MediaFoundation-h265: 746d11721c4dcdbdad8f713fa42b33f4 -> 
  custom:video-decoder-webm-vp8: 9c59270c3fd7afecdb556c50c9e8de78 -> 
  custom:audio-decoder-ogg-vorbis: bf7c407c2cedff20999df2af8eb42d56 -> 
  custom:audio-encoder-webm-vorbis: bf7c407c2cedff20999df2af8eb42d56 -> 
========================================================================
Received Import Request.
  path: Assets/Prefabs/Bear.fbx
  artifactKey: Guid(a5a8b3942bea2a144a42a4bcde8ecea6) Importer(815301076,1909f56bfc062723c751e8b465ee728b)
Start importing Assets/Prefabs/Bear.fbx using Guid(a5a8b3942bea2a144a42a4bcde8ecea6) Importer(815301076,1909f56bfc062723c751e8b465ee728b)  -> (artifact id: '78addd956bbdce480728efb553a1833d') in 0.143181 seconds 
  Import took 0.145567 seconds .

========================================================================
Received Import Request.
  Time since last request: 0.000178 seconds.
  path: Assets/Prefabs/door.fbx
  artifactKey: Guid(0b0e1e26fbdeffc40a97b015e047bd05) Importer(815301076,1909f56bfc062723c751e8b465ee728b)
Start importing Assets/Prefabs/door.fbx using Guid(0b0e1e26fbdeffc40a97b015e047bd05) Importer(815301076,1909f56bfc062723c751e8b465ee728b)  -> (artifact id: '1d004a12fafc786052d185d2067fcc7f') in 0.045058 seconds 
  Import took 0.047536 seconds .

========================================================================
Received Import Request.
  Time since last request: 0.000195 seconds.
  path: Assets/Prefabs/Gem_2(1).fbx
  artifactKey: Guid(b2977779e597aa7499af9ff403cf583e) Importer(815301076,1909f56bfc062723c751e8b465ee728b)
Start importing Assets/Prefabs/Gem_2(1).fbx using Guid(b2977779e597aa7499af9ff403cf583e) Importer(815301076,1909f56bfc062723c751e8b465ee728b)  -> (artifact id: 'f22fbdc6336f84e3abd871a48e958c9d') in 0.019514 seconds 
  Import took 0.021916 seconds .

========================================================================
Received Import Request.
  Time since last request: 0.000204 seconds.
  path: Assets/Prefabs/ScaleMan.fbx
  artifactKey: Guid(f1378678538003f4d9c13d53496d7cc9) Importer(815301076,1909f56bfc062723c751e8b465ee728b)
Start importing Assets/Prefabs/ScaleMan.fbx using Guid(f1378678538003f4d9c13d53496d7cc9) Importer(815301076,1909f56bfc062723c751e8b465ee728b)  -> (artifact id: '77e21a5628897a71b6badec776920ae4') in 0.025907 seconds 
  Import took 0.028164 seconds .

========================================================================
Received Import Request.
  Time since last request: 0.000171 seconds.
  path: Assets/Prefabs/Enemy.prefab
  artifactKey: Guid(694cf17c3042bbd42a354b7c91f6ac81) Importer(815301076,1909f56bfc062723c751e8b465ee728b)
Start importing Assets/Prefabs/Enemy.prefab using Guid(694cf17c3042bbd42a354b7c91f6ac81) Importer(815301076,1909f56bfc062723c751e8b465ee728b)  -> (artifact id: '7faa0087ec22f54b4408694f2cac99ea') in 0.018648 seconds 
  Import took 0.021331 seconds .

========================================================================
Received Import Request.
  Time since last request: 0.000227 seconds.
  path: Assets/Prefabs/Gem_2.fbx
  artifactKey: Guid(916256f00f58f1440a9637ec0d282cf8) Importer(815301076,1909f56bfc062723c751e8b465ee728b)
Start importing Assets/Prefabs/Gem_2.fbx using Guid(916256f00f58f1440a9637ec0d282cf8) Importer(815301076,1909f56bfc062723c751e8b465ee728b)  -> (artifact id: '2d667b4cb203d6da241e15c19fa6ee36') in 0.023787 seconds 
  Import took 0.026492 seconds .

========================================================================
Received Import Request.
  Time since last request: 0.000214 seconds.
  path: Assets/Prefabs/Cube.prefab
  artifactKey: Guid(831a48a0bd6e3a94f869221c298db13c) Importer(815301076,1909f56bfc062723c751e8b465ee728b)
Start importing Assets/Prefabs/Cube.prefab using Guid(831a48a0bd6e3a94f869221c298db13c) Importer(815301076,1909f56bfc062723c751e8b465ee728b)  -> (artifact id: '3bcf5ae3e0f49d0a54f249d851689a44') in 0.012705 seconds 
  Import took 0.015175 seconds .

========================================================================
Received Import Request.
  Time since last request: 0.000239 seconds.
  path: Assets/Prefabs/Environment.prefab
  artifactKey: Guid(bdd59d301eaaecb4599c21e4809f4223) Importer(815301076,1909f56bfc062723c751e8b465ee728b)
Start importing Assets/Prefabs/Environment.prefab using Guid(bdd59d301eaaecb4599c21e4809f4223) Importer(815301076,1909f56bfc062723c751e8b465ee728b)  -> (artifact id: '28c87103b123ea0fa2aea14ec8c2cdc7') in 0.095920 seconds 
  Import took 0.098949 seconds .

========================================================================
Received Import Request.
  Time since last request: 0.000236 seconds.
  path: Assets/Prefabs/InventoryItem.prefab
  artifactKey: Guid(94a45fe01c1421d448584c3c4a851f88) Importer(815301076,1909f56bfc062723c751e8b465ee728b)
Start importing Assets/Prefabs/InventoryItem.prefab using Guid(94a45fe01c1421d448584c3c4a851f88) Importer(815301076,1909f56bfc062723c751e8b465ee728b)  -> (artifact id: '65d439ff32eaf325ca4e4dadf0798162') in 0.020127 seconds 
  Import took 0.022718 seconds .

========================================================================
Received Import Request.
  Time since last request: 0.000186 seconds.
  path: Assets/Prefabs/Gem_1.fbx
  artifactKey: Guid(1e5f2c6b0dfe23649a096f615a3a686b) Importer(815301076,1909f56bfc062723c751e8b465ee728b)
Start importing Assets/Prefabs/Gem_1.fbx using Guid(1e5f2c6b0dfe23649a096f615a3a686b) Importer(815301076,1909f56bfc062723c751e8b465ee728b)  -> (artifact id: '0636482a8a206fedc546438353d133da') in 0.023186 seconds 
  Import took 0.025823 seconds .

========================================================================
Received Import Request.
  Time since last request: 0.000233 seconds.
  path: Assets/Prefabs/Room.prefab
  artifactKey: Guid(4212b85eaead301488e2df626b818ceb) Importer(815301076,1909f56bfc062723c751e8b465ee728b)
Start importing Assets/Prefabs/Room.prefab using Guid(4212b85eaead301488e2df626b818ceb) Importer(815301076,1909f56bfc062723c751e8b465ee728b)  -> (artifact id: '2c3c85f7ab6f63ee606e3d5ff93dcde7') in 0.014645 seconds 
  Import took 0.017838 seconds .

========================================================================
Received Import Request.
  Time since last request: 0.000194 seconds.
  path: Assets/Prefabs/Locket.fbx
  artifactKey: Guid(ee975475a72df66409cf1a958dec0d60) Importer(815301076,1909f56bfc062723c751e8b465ee728b)
Start importing Assets/Prefabs/Locket.fbx using Guid(ee975475a72df66409cf1a958dec0d60) Importer(815301076,1909f56bfc062723c751e8b465ee728b)  -> (artifact id: '4c33529f375126c33596172c2418b5dc') in 0.024254 seconds 
  Import took 0.026933 seconds .

========================================================================
Received Import Request.
  Time since last request: 0.000188 seconds.
  path: Assets/Prefabs/Gem_1(1).fbx
  artifactKey: Guid(d78fac5ab2e9ed34990e65f505776fdf) Importer(815301076,1909f56bfc062723c751e8b465ee728b)
Start importing Assets/Prefabs/Gem_1(1).fbx using Guid(d78fac5ab2e9ed34990e65f505776fdf) Importer(815301076,1909f56bfc062723c751e8b465ee728b)  -> (artifact id: '366558d9778a0e4dafc6b7041dad12bb') in 0.024248 seconds 
  Import took 0.027023 seconds .

========================================================================
Received Import Request.
  Time since last request: 0.000230 seconds.
  path: Assets/Prefabs/CharacterPrefab.prefab
  artifactKey: Guid(8e2e1e0d075144a49b9af20827814832) Importer(815301076,1909f56bfc062723c751e8b465ee728b)
Start importing Assets/Prefabs/CharacterPrefab.prefab using Guid(8e2e1e0d075144a49b9af20827814832) Importer(815301076,1909f56bfc062723c751e8b465ee728b)  -> (artifact id: 'f946717dddc312e178763c4578b093cb') in 0.016934 seconds 
  Import took 0.020890 seconds .

AssetImportWorkerClient::OnTransportError - code=2 error=End of file
